world.size() = 487
camera's image width = 2
Number of threads per block = 1, 1
Size of lambertian = 40
Size of dielectric = 24
Size of metal = 48
Size of material = 16
No problems yet
According to the list, the first object is at 0x717dc6600628
I called for object number 0
Here for partying
I called for object number 1
I called for object number 2
I called for object number 3
I called for object number 4
I called for object number 5
I called for object number 6
I called for object number 7
I called for object number 8
I called for object number 9
I called for object number 10
I called for object number 11
I called for object number 12
I called for object number 13
I called for object number 14
I called for object number 15
I called for object number 16
I called for object number 17
I called for object number 18
I called for object number 19
I called for object number 20
I called for object number 21
I called for object number 22
I called for object number 23
I called for object number 24
I called for object number 25
I called for object number 26
I called for object number 27
I called for object number 28
I called for object number 29
I called for object number 30
I called for object number 31
I called for object number 32
I called for object number 33
I called for object number 34
I called for object number 35
I called for object number 36
I called for object number 37
I called for object number 38
I called for object number 39
I called for object number 40
I called for object number 41
I called for object number 42
I called for object number 43
I called for object number 44
I called for object number 45
I called for object number 46
I called for object number 47
I called for object number 48
I called for object number 49
I called for object number 50
I called for object number 51
I called for object number 52
I called for object number 53
I called for object number 54
I called for object number 55
I called for object number 56
I called for object number 57
I called for object number 58
I called for object number 59
I called for object number 60
I called for object number 61
I called for object number 62
I called for object number 63
I called for object number 64
I called for object number 65
I called for object number 66
I called for object number 67
I called for object number 68
I called for object number 69
I called for object number 70
I called for object number 71
I called for object number 72
I called for object number 73
I called for object number 74
I called for object number 75
I called for object number 76
I called for object number 77
I called for object number 78
I called for object number 79
I called for object number 80
I called for object number 81
I called for object number 82
I called for object number 83
I called for object number 84
I called for object number 85
I called for object number 86
I called for object number 87
I called for object number 88
I called for object number 89
I called for object number 90
I called for object number 91
I called for object number 92
I called for object number 93
I called for object number 94
I called for object number 95
I called for object number 96
I called for object number 97
I called for object number 98
I called for object number 99
I called for object number 100
I called for object number 101
I called for object number 102
I called for object number 103
I called for object number 104
I called for object number 105
I called for object number 106
I called for object number 107
I called for object number 108
I called for object number 109
I called for object number 110
I called for object number 111
I called for object number 112
I called for object number 113
I called for object number 114
I called for object number 115
I called for object number 116
I called for object number 117
I called for object number 118
I called for object number 119
I called for object number 120
I called for object number 121
I called for object number 122
I called for object number 123
I called for object number 124
I called for object number 125
I called for object number 126
I called for object number 127
I called for object number 128
I called for object number 129
I called for object number 130
I called for object number 131
I called for object number 132
I called for object number 133
I called for object number 134
I called for object number 135
I called for object number 136
I called for object number 137
I called for object number 138
I called for object number 139
I called for object number 140
I called for object number 141
I called for object number 142
I called for object number 143
I called for object number 144
I called for object number 145
I called for object number 146
I called for object number 147
I called for object number 148
I called for object number 149
I called for object number 150
I called for object number 151
I called for object number 152
I called for object number 153
I called for object number 154
I called for object number 155
I called for object number 156
I called for object number 157
I called for object number 158
I called for object number 159
I called for object number 160
I called for object number 161
I called for object number 162
I called for object number 163
I called for object number 164
I called for object number 165
I called for object number 166
I called for object number 167
I called for object number 168
I called for object number 169
I called for object number 170
I called for object number 171
I called for object number 172
I called for object number 173
I called for object number 174
I called for object number 175
I called for object number 176
I called for object number 177
I called for object number 178
I called for object number 179
I called for object number 180
I called for object number 181
I called for object number 182
I called for object number 183
I called for object number 184
I called for object number 185
I called for object number 186
I called for object number 187
I called for object number 188
I called for object number 189
I called for object number 190
I called for object number 191
I called for object number 192
I called for object number 193
I called for object number 194
I called for object number 195
I called for object number 196
I called for object number 197
I called for object number 198
I called for object number 199
I called for object number 200
I called for object number 201
I called for object number 202
I called for object number 203
I called for object number 204
I called for object number 205
I called for object number 206
I called for object number 207
I called for object number 208
I called for object number 209
I called for object number 210
I called for object number 211
I called for object number 212
I called for object number 213
I called for object number 214
I called for object number 215
I called for object number 216
I called for object number 217
I called for object number 218
I called for object number 219
I called for object number 220
I called for object number 221
I called for object number 222
I called for object number 223
I called for object number 224
I called for object number 225
I called for object number 226
I called for object number 227
I called for object number 228
I called for object number 229
I called for object number 230
I called for object number 231
I called for object number 232
I called for object number 233
I called for object number 234
I called for object number 235
I called for object number 236
I called for object number 237
I called for object number 238
I called for object number 239
I called for object number 240
I called for object number 241
I called for object number 242
I called for object number 243
I called for object number 244
I called for object number 245
I called for object number 246
I called for object number 247
I called for object number 248
I called for object number 249
I called for object number 250
I called for object number 251
I called for object number 252
I called for object number 253
I called for object number 254
I called for object number 255
I called for object number 256
I called for object number 257
Here for partying
I called for object number 258
I called for object number 259
I called for object number 260
I called for object number 261
I called for object number 262
I called for object number 263
I called for object number 264
I called for object number 265
I called for object number 266
I called for object number 267
I called for object number 268
I called for object number 269
I called for object number 270
I called for object number 271
I called for object number 272
I called for object number 273
I called for object number 274
I called for object number 275
I called for object number 276
I called for object number 277
I called for object number 278
I called for object number 279
I called for object number 280
I called for object number 281
I called for object number 282
I called for object number 283
I called for object number 284
I called for object number 285
I called for object number 286
I called for object number 287
I called for object number 288
I called for object number 289
I called for object number 290
I called for object number 291
I called for object number 292
I called for object number 293
I called for object number 294
I called for object number 295
I called for object number 296
I called for object number 297
I called for object number 298
I called for object number 299
I called for object number 300
I called for object number 301
I called for object number 302
I called for object number 303
I called for object number 304
I called for object number 305
I called for object number 306
I called for object number 307
I called for object number 308
I called for object number 309
I called for object number 310
I called for object number 311
I called for object number 312
I called for object number 313
I called for object number 314
I called for object number 315
I called for object number 316
I called for object number 317
I called for object number 318
I called for object number 319
I called for object number 320
I called for object number 321
I called for object number 322
I called for object number 323
I called for object number 324
I called for object number 325
I called for object number 326
I called for object number 327
I called for object number 328
I called for object number 329
I called for object number 330
I called for object number 331
I called for object number 332
I called for object number 333
I called for object number 334
I called for object number 335
I called for object number 336
I called for object number 337
I called for object number 338
I called for object number 339
I called for object number 340
I called for object number 341
I called for object number 342
I called for object number 343
I called for object number 344
I called for object number 345
I called for object number 346
I called for object number 347
I called for object number 348
I called for object number 349
I called for object number 350
I called for object number 351
I called for object number 352
I called for object number 353
I called for object number 354
I called for object number 355
I called for object number 356
I called for object number 357
I called for object number 358
I called for object number 359
I called for object number 360
I called for object number 361
I called for object number 362
I called for object number 363
I called for object number 364
I called for object number 365
I called for object number 366
I called for object number 367
I called for object number 368
I called for object number 369
I called for object number 370
I called for object number 371
I called for object number 372
I called for object number 373
I called for object number 374
I called for object number 375
I called for object number 376
I called for object number 377
I called for object number 378
I called for object number 379
I called for object number 380
I called for object number 381
I called for object number 382
I called for object number 383
I called for object number 384
I called for object number 385
I called for object number 386
I called for object number 387
I called for object number 388
I called for object number 389
I called for object number 390
I called for object number 391
I called for object number 392
I called for object number 393
I called for object number 394
I called for object number 395
I called for object number 396
I called for object number 397
I called for object number 398
I called for object number 399
I called for object number 400
I called for object number 401
I called for object number 402
I called for object number 403
I called for object number 404
I called for object number 405
I called for object number 406
I called for object number 407
I called for object number 408
I called for object number 409
I called for object number 410
I called for object number 411
I called for object number 412
I called for object number 413
I called for object number 414
I called for object number 415
I called for object number 416
I called for object number 417
I called for object number 418
I called for object number 419
I called for object number 420
I called for object number 421
I called for object number 422
I called for object number 423
I called for object number 424
I called for object number 425
I called for object number 426
I called for object number 427
I called for object number 428
I called for object number 429
I called for object number 430
I called for object number 431
I called for object number 432
I called for object number 433
I called for object number 434
I called for object number 435
I called for object number 436
I called for object number 437
I called for object number 438
I called for object number 439
I called for object number 440
I called for object number 441
I called for object number 442
I called for object number 443
I called for object number 444
I called for object number 445
I called for object number 446
I called for object number 447
I called for object number 448
I called for object number 449
I called for object number 450
I called for object number 451
I called for object number 452
I called for object number 453
I called for object number 454
I called for object number 455
I called for object number 456
I called for object number 457
I called for object number 458
I called for object number 459
I called for object number 460
I called for object number 461
I called for object number 462
I called for object number 463
I called for object number 464
I called for object number 465
I called for object number 466
I called for object number 467
I called for object number 468
I called for object number 469
I called for object number 470
I called for object number 471
I called for object number 472
I called for object number 473
I called for object number 474
I called for object number 475
I called for object number 476
I called for object number 477
I called for object number 478
I called for object number 479
I called for object number 480
I called for object number 481
I called for object number 482
I called for object number 483
I called for object number 484
I called for object number 485
I called for object number 486
Did we hit anything? 1
Pari hu main. Don't worry
l
Asli hu bhai. Don't worry
